Arguments: 
  /usr/local/bin/node /Users/haleepagel/.yarn/bin/yarn.js install

PATH: 
  /Users/haleepagel/.yarn/bin:/Users/haleepagel/.config/yarn/global/node_modules/.bin:/usr/local/bin:/usr/bin:/bin:/usr/sbin:/sbin:/Applications/Postgres.app/Contents/Versions/latest/bin:/Users/haleepagel/.yarn/bin:/Users/haleepagel/.config/yarn/global/node_modules/.bin

Yarn version: 
  1.22.4

Node version: 
  12.16.1

Platform: 
  darwin x64

Trace: 
  SyntaxError: /Users/haleepagel/Documents/code-chrysalis/immersive-cc-12/first-API-project/package.json: Unexpected end of JSON input
      at JSON.parse (<anonymous>)
      at /Users/haleepagel/.yarn/lib/cli.js:1625:59
      at Generator.next (<anonymous>)
      at step (/Users/haleepagel/.yarn/lib/cli.js:310:30)
      at /Users/haleepagel/.yarn/lib/cli.js:321:13

npm manifest: 
  {
    "name": "my-first-package",
    "version": "1.0.0",
    "description": "First package I've created",
    "main": "index.js",
    "scripts": {
      "test": "node tests/initialize.js && mocha tests/test.js && yarn lint",
      "lint": "eslint --fix .",
      "start": "node index.js",
      "migrate": "knex migrate:latest --knexfile models/knexfile.js",
      "rollback": "knex migrate:rollback --knexfile models/knexfile.js ",
      "precommit": "pretty-quick --staged"
    },
    "repository": "https://github.com/haleepagel/first-API-project.git",
    "author": "Halee Pagel <halee.pagel@gmail.com>",
    "license": "MIT",
    "dependencies": {
      "bcryptjs": "^2.4.3",
      "body-parser": "^1.18.3",
      "express": "^4.16.4",
      "knex": "^0.15.2",
      "moment": "^2.22.2",
      "morgan": "^1.9.1",
      "pg": "^7.5.0"
    },
    "devDependencies": {
      "chai": "^4.0.2",
      "eslint": "^5.7.0",
      "eslint-config-prettier": "^3.1.0",
      "eslint-config-problems": "^1.1.0",
      "eslint-plugin-prettier": "^3.0.0",
      "husky": "^1.1.2",
      "mocha": "^5.2.0",
      "prettier": "^1.12.1",
      "pretty-quick": "^1.4.1",
      "sqlite3": "^4.0.9"
  }

yarn manifest: 
  No manifest

Lockfile: 
  # THIS IS AN AUTOGENERATED FILE. DO NOT EDIT THIS FILE DIRECTLY.
  # yarn lockfile v1
